This is pdfTeX, Version 3.14159265-2.6-1.40.18 (TeX Live 2017) (preloaded format=pdflatex 2017.12.15)  18 DEC 2017 12:00
entering extended mode
 restricted \write18 enabled.
 file:line:error style messages enabled.
 %&-line parsing enabled.
**acrotex.ins
(./acrotex.ins
LaTeX2e <2017-04-15>
Babel <3.15> and hyphenation patterns for 84 language(s) loaded.
(/usr/local/texlive/2017/texmf-dist/tex/latex/base/docstrip.tex
\blockLevel=\count79
\emptyLines=\count80
\processedLines=\count81
\commentsRemoved=\count82
\commentsPassed=\count83
\codeLinesPassed=\count84
\TotalprocessedLines=\count85
\TotalcommentsRemoved=\count86
\TotalcommentsPassed=\count87
\TotalcodeLinesPassed=\count88
\NumberOfFiles=\count89
\inFile=\read1
\inputcheck=\read2
\off@0=\count90
\off@1=\count91
\off@2=\count92
\off@3=\count93
\off@4=\count94
\off@5=\count95
\off@6=\count96
\off@7=\count97
\off@8=\count98
\off@9=\count99
\off@10=\count100
\off@11=\count101
\off@12=\count102
\off@13=\count103
\off@14=\count104
\off@15=\count105
\@maxfiles=\count106
\@maxoutfiles=\count107

Utility: `docstrip' 2.5e <2014/09/29>
English documentation    <2017/03/13>

**********************************************************
* This program converts documented macro-files into fast *
* loadable files by stripping off (nearly) all comments! *
**********************************************************

********************************************************
* No Configuration file found, using default settings. *
********************************************************

(./acrotex.ins

Generating file(s) ./web.sty ./websec.def ./webpro.def 
\openout0 = `./web.sty'.

\openout1 = `./websec.def'.

\openout2 = `./webpro.def'.


Processing file web.dtx (copyright,package) -> web.sty
                        (copyright,websectioning) -> websec.def
                        (copyright,webpro) -> webpro.def
File web.dtx ended by \endinput.
Lines  processed: 5482
Comments removed: 2138
Comments  passed: 16
Codelines passed: 3290


Generating file(s) ./exerquiz.sty ./aebjs.def ./aebrandom.def ./aebsumrytbls.de
f ./usemcfi.def ./eqcolor.def ./template.def ./eqfr.def ./eqde.def ./eqno.def .
/eqnl.def ./eqes.def ./eqit.def ./eqru.def ./eqda.def ./eqpo.def ./eqfin.def ./
eqcat.def ./eqcz.def ./eqbr.def ./eqtr.def 
\openout0 = `./exerquiz.sty'.

\openout1 = `./aebjs.def'.

\openout2 = `./aebrandom.def'.

\openout3 = `./aebsumrytbls.def'.

\openout4 = `./usemcfi.def'.

\openout5 = `./eqcolor.def'.

\openout6 = `./template.def'.

\openout7 = `./eqfr.def'.

\openout8 = `./eqde.def'.

\openout9 = `./eqno.def'.

\openout10 = `./eqnl.def'.

\openout11 = `./eqes.def'.

\openout12 = `./eqit.def'.

\openout13 = `./eqru.def'.

\openout14 = `./eqda.def'.

\openout15 = `./eqpo.def'.


Processing file exerquiz.dtx (copyright,package) -> exerquiz.sty
                             (copyright,aebjs) -> aebjs.def
                             (copyright,randomize) -> aebrandom.def
                             (copyright,sumrytbls) -> aebsumrytbls.def
                             (copyright,mcfi) -> usemcfi.def
                             (copyright,eqcolor) -> eqcolor.def
                             (copyright,template) -> template.def
                             (copyright,eqfr) -> eqfr.def
                             (copyright,eqde) -> eqde.def
                             (copyright,eqno) -> eqno.def
                             (copyright,eqnl) -> eqnl.def
                             (copyright,eqes) -> eqes.def
                             (copyright,eqit) -> eqit.def
                             (copyright,eqru) -> eqru.def
                             (copyright,eqda) -> eqda.def
                             (copyright,eqpo) -> eqpo.def
File exerquiz.dtx ended by \endinput.
Lines  processed: 13859
Comments removed: 5782
Comments  passed: 121
Codelines passed: 7445

\openout0 = `./eqfin.def'.

\openout1 = `./eqcat.def'.

\openout2 = `./eqcz.def'.

\openout3 = `./eqbr.def'.

\openout4 = `./eqtr.def'.


Processing file exerquiz.dtx (copyright,eqfin) -> eqfin.def
                             (copyright,eqcat) -> eqcat.def
                             (copyright,eqcz) -> eqcz.def
                             (copyright,eqbr) -> eqbr.def
                             (copyright,eqtr) -> eqtr.def
File exerquiz.dtx ended by \endinput.
Lines  processed: 13859
Comments removed: 5782
Comments  passed: 121
Codelines passed: 7445


Generating file(s) ./eforms.sty ./epdfmark.def ./epdftex.def ./edvipdfm.def ./u
ieforms.def ./setcorder.def 
\openout0 = `./eforms.sty'.

\openout1 = `./epdfmark.def'.

\openout2 = `./epdftex.def'.

\openout3 = `./edvipdfm.def'.

\openout4 = `./uieforms.def'.

\openout5 = `./setcorder.def'.


Processing file eforms.dtx (copyright,package) -> eforms.sty
                           (copyright,epdfmark) -> epdfmark.def
                           (copyright,epdftex) -> epdftex.def
                           (copyright,edvipdfm) -> edvipdfm.def
                           (copyright,userinterface) -> uieforms.def
                           (copyright,setcorder) -> setcorder.def
File eforms.dtx ended by \endinput.
Lines  processed: 4010
Comments removed: 1982
Comments  passed: 11
Codelines passed: 1990


Generating file(s) ./insdljs.sty ./dljscc.def ./altadbfncs.def 
\openout0 = `./insdljs.sty'.

\openout1 = `./dljscc.def'.

\openout2 = `./altadbfncs.def'.


Processing file insdljs.dtx (copyright,package) -> insdljs.sty
                            (copyright,cc4js) -> dljscc.def
                            (copyright,altadbfncs) -> altadbfncs.def
Lines  processed: 2626
Comments removed: 1604
Comments  passed: 11
Codelines passed: 996


Generating file(s) ./dljslib.sty 
\openout0 = `./dljslib.sty'.


Processing file dljslib.dtx (copyright,package) -> dljslib.sty
File dljslib.dtx ended by \endinput.
Lines  processed: 2786
Comments removed: 1024
Comments  passed: 11
Codelines passed: 1742


Generating file(s) ./taborder.sty 
\openout0 = `./taborder.sty'.


Processing file taborder.dtx (copyright,package) -> taborder.sty
File taborder.dtx ended by \endinput.
Lines  processed: 239
Comments removed: 137
Comments  passed: 11
Codelines passed: 82

***************************************************************
*
*  To finish the installation you have to copy the files 
*
*  *.sty, *.cfg and *.def into a directory searched by TeX
*
***************************************************************
)
Overall statistics:
Files  processed: 7
Lines  processed: 42861
Comments removed: 18449
Comments  passed: 302
Codelines passed: 22990
 ) ) 
Here is how much of TeX's memory you used:
 616 strings out of 492985
 6642 string characters out of 6132585
 63369 words of memory out of 5000000
 4237 multiletter control sequences out of 15000+600000
 3640 words of font info for 14 fonts, out of 8000000 for 9000
 1141 hyphenation exceptions out of 8191
 17i,0n,15p,226b,307s stack positions out of 5000i,500n,10000p,200000b,80000s

No pages of output.
PDF statistics:
 0 PDF objects out of 1000 (max. 8388607)
 0 named destinations out of 1000 (max. 500000)
 1 words of extra memory for PDF output out of 10000 (max. 10000000)

